<?xml version="1.0" encoding="UTF-8"?>
<!-- Generated by org.testng.reporters.JUnitReportReporter -->
<testsuite hostname="DESKTOP-SEFJLQC" failures="0" tests="1" name="MobilePage.Day3_VerifyCart" time="5.412" errors="0" timestamp="2022-05-01T18:49:41 EDT" skipped="0">
  <testcase classname="MobilePage.Day3_VerifyCart" name="VerifyCart" time="5.412"/>
  <system-out/>
</testsuite> <!-- MobilePage.Day3_VerifyCart -->
