<?xml version="1.0" encoding="UTF-8"?>
<!-- Generated by org.testng.reporters.JUnitReportReporter -->
<testsuite hostname="DESKTOP-SEFJLQC" failures="0" tests="1" name="MobilePage.Day1_Sort" time="2.016" errors="0" timestamp="30 Mar 2022 15:34:47 GMT" skipped="0">
  <testcase classname="MobilePage.Day1_Sort" name="Sort" time="2.016"/>
</testsuite> <!-- MobilePage.Day1_Sort -->
