<?xml version="1.0" encoding="UTF-8"?>
<!-- Generated by org.testng.reporters.JUnitReportReporter -->
<testsuite hostname="DESKTOP-SEFJLQC" failures="0" tests="1" name="MobilePage.Day4_WindowHandle" time="6.307" errors="0" timestamp="2022-05-07T17:39:46 EDT" skipped="0">
  <testcase classname="MobilePage.Day4_WindowHandle" name="testTestCase4" time="6.307"/>
  <system-out/>
</testsuite> <!-- MobilePage.Day4_WindowHandle -->
