<?xml version="1.0" encoding="UTF-8"?>
<!-- Generated by org.testng.reporters.JUnitReportReporter -->
<testsuite hostname="DESKTOP-SEFJLQC" failures="0" tests="1" name="MobilePage.Day3_VerifyCart" time="3.060" errors="0" timestamp="2022-04-02T10:16:00 EDT" skipped="0">
  <testcase classname="MobilePage.Day3_VerifyCart" name="VerifyCart" time="3.060"/>
  <system-out/>
</testsuite> <!-- MobilePage.Day3_VerifyCart -->
