<?xml version="1.0" encoding="UTF-8"?>
<!-- Generated by org.testng.reporters.JUnitReportReporter -->
<testsuite hostname="DESKTOP-SEFJLQC" failures="0" tests="1" name="MobilePage.Day7_VerifyOrder" time="3.802" errors="0" timestamp="2022-04-04T20:41:07 EDT" skipped="0">
  <testcase classname="MobilePage.Day7_VerifyOrder" name="VerifyOrder" time="3.802"/>
  <system-out/>
</testsuite> <!-- MobilePage.Day7_VerifyOrder -->
