<?xml version="1.0" encoding="UTF-8"?>
<!-- Generated by org.testng.reporters.JUnitReportReporter -->
<testsuite hostname="DESKTOP-SEFJLQC" failures="0" tests="1" name="MobilePage.Day4_WindowHandle" time="4.843" errors="0" timestamp="2022-04-02T21:09:37 EDT" skipped="0">
  <testcase classname="MobilePage.Day4_WindowHandle" name="testTestCase4" time="4.843"/>
  <system-out/>
</testsuite> <!-- MobilePage.Day4_WindowHandle -->
