<?xml version="1.0" encoding="UTF-8"?>
<!-- Generated by org.testng.reporters.JUnitReportReporter -->
<testsuite hostname="DESKTOP-SEFJLQC" failures="0" tests="1" name="MobilePage.Day5_CreateAccount" time="6.640" errors="0" timestamp="2022-04-03T18:56:35 EDT" skipped="0">
  <testcase classname="MobilePage.Day5_CreateAccount" name="CreateAccount" time="6.640"/>
  <system-out/>
</testsuite> <!-- MobilePage.Day5_CreateAccount -->
