<?xml version="1.0" encoding="UTF-8"?>
<!-- Generated by org.testng.reporters.JUnitReportReporter -->
<testsuite hostname="DESKTOP-SEFJLQC" failures="0" tests="1" name="MobilePage.Day3_VerifyCart" time="6.941" errors="0" timestamp="2022-05-07T17:39:46 EDT" skipped="0">
  <testcase classname="MobilePage.Day3_VerifyCart" name="VerifyCart" time="6.941"/>
  <system-out/>
</testsuite> <!-- MobilePage.Day3_VerifyCart -->
