<?xml version="1.0" encoding="UTF-8"?>
<!-- Generated by org.testng.reporters.JUnitReportReporter -->
<testsuite hostname="DESKTOP-SEFJLQC" failures="0" tests="1" name="MobilePage.Day4_WindowHandle" time="5.156" errors="0" timestamp="2022-05-01T19:18:11 EDT" skipped="0">
  <testcase classname="MobilePage.Day4_WindowHandle" name="testTestCase4" time="5.156"/>
  <system-out/>
</testsuite> <!-- MobilePage.Day4_WindowHandle -->
