<?xml version="1.0" encoding="UTF-8"?>
<!-- Generated by org.testng.reporters.JUnitReportReporter -->
<testsuite hostname="DESKTOP-SEFJLQC" failures="0" tests="1" name="MobilePage.Day2_VerifyEqual" time="3.237" errors="0" timestamp="2022-04-02T09:44:13 EDT" skipped="0">
  <testcase classname="MobilePage.Day2_VerifyEqual" name="VerifyEqual" time="3.237"/>
  <system-out/>
</testsuite> <!-- MobilePage.Day2_VerifyEqual -->
