<?xml version="1.0" encoding="UTF-8"?>
<!-- Generated by org.testng.reporters.JUnitReportReporter -->
<testsuite hostname="DESKTOP-SEFJLQC" failures="0" tests="1" name="MobilePage.Day8_ReOrder" time="32.978" errors="0" timestamp="2022-05-03T20:24:03 EDT" skipped="0">
  <testcase classname="MobilePage.Day8_ReOrder" name="Reorder" time="32.978"/>
  <system-out/>
</testsuite> <!-- MobilePage.Day8_ReOrder -->
