<?xml version="1.0" encoding="UTF-8"?>
<!-- Generated by org.testng.reporters.JUnitReportReporter -->
<testsuite hostname="DESKTOP-SEFJLQC" failures="0" tests="1" name="MobilePage.Day6_PurchaseProducts" time="39.450" errors="0" timestamp="2022-04-04T17:56:13 EDT" skipped="0">
  <testcase classname="MobilePage.Day6_PurchaseProducts" name="PurchaseProducts" time="39.450"/>
  <system-out/>
</testsuite> <!-- MobilePage.Day6_PurchaseProducts -->
