<?xml version="1.0" encoding="UTF-8"?>
<!-- Generated by org.testng.reporters.JUnitReportReporter -->
<testsuite hostname="DESKTOP-SEFJLQC" failures="0" tests="1" name="MobilePage.Day2_VerifyEqual" time="3.899" errors="0" timestamp="2022-05-07T17:39:46 EDT" skipped="0">
  <testcase classname="MobilePage.Day2_VerifyEqual" name="VerifyEqual" time="3.899"/>
  <system-out/>
</testsuite> <!-- MobilePage.Day2_VerifyEqual -->
